#-----------------------------------------------------------
# Vivado v2021.2 (64-bit)
# SW Build 3367213 on Tue Oct 19 02:47:39 MDT 2021
# IP Build 3369179 on Thu Oct 21 08:25:16 MDT 2021
# Start of session at: Wed Jul 19 18:22:14 2023
# Process ID: 159834
# Current directory: /home/luiscarlos/Desktop/ultra/secure_tiles2/vivado/ultra96v2_dfx
# Command line: vivado
# Log file: /home/luiscarlos/Desktop/ultra/secure_tiles2/vivado/ultra96v2_dfx/vivado.log
# Journal file: /home/luiscarlos/Desktop/ultra/secure_tiles2/vivado/ultra96v2_dfx/vivado.jou
# Running On: luiscarlos-GL552VX, OS: Linux, CPU Frequency: 1257.880 MHz, CPU Physical cores: 4, Host memory: 8213 MB
#-----------------------------------------------------------
Sourcing tcl script '/home/luiscarlos/.Xilinx/Vivado/Vivado_init.tcl'
start_gui
WARNING: [Board 49-26] cannot add Board Part avnet.com:zuboard_1cg:part0:1.0 available at /tools/Xilinx/Vivado/2021.2/data/boards/board_files/zub1cg/1.0/board.xml as part xczu1cg-sbva484-1-e specified in board_part file is either invalid or not available
WARNING: [Board 49-26] cannot add Board Part em.avnet.com:ultrazed_7ev_cc_es2:part0:1.1 available at /tools/Xilinx/Vivado/2021.2/data/boards/board_files/deprecated/ultrazed_7ev_cc_es2/1.1/board.xml as part xczu7ev-fbvb900-1-i-es2 specified in board_part file is either invalid or not available
WARNING: [Board 49-26] cannot add Board Part em.avnet.com:ultrazed_eg_iocc:part0:1.0 available at /tools/Xilinx/Vivado/2021.2/data/boards/board_files/deprecated/ultrazed_3eg_iocc_es1/1.0/board.xml as part xczu3eg-sfva625-1-i-es1 specified in board_part file is either invalid or not available
WARNING: [Board 49-26] cannot add Board Part em.avnet.com:ultrazed_eg_pciecc:part0:1.0 available at /tools/Xilinx/Vivado/2021.2/data/boards/board_files/deprecated/ultrazed_3eg_pciecc_es1/1.0/board.xml as part xczu3eg-sfva625-1-i-es1 specified in board_part file is either invalid or not available
WARNING: [Board 49-26] cannot add Board Part em.avnet.com:ultrazed_eg_som:part0:1.0 available at /tools/Xilinx/Vivado/2021.2/data/boards/board_files/deprecated/ultrazed_3eg_som_es1/1.0/board.xml as part xczu3eg-sfva625-1-i-es1 specified in board_part file is either invalid or not available
WARNING: [Board 49-26] cannot add Board Part em.avnet.com:ultrazed_ev_som_es2:part0:1.1 available at /tools/Xilinx/Vivado/2021.2/data/boards/board_files/deprecated/ultrazed_7ev_som_es2/1.1/board.xml as part xczu7ev-fbvb900-1-i-es2 specified in board_part file is either invalid or not available
WARNING: [Board 49-26] cannot add Board Part xilinx.com:vck190_es:part0:1.3 available at /tools/Xilinx/Vivado/2021.2/data/xhub/boards/XilinxBoardStore/boards/Xilinx/vck190/es/1.3/board.xml as part xcvc1902-vsva2197-2mp-e-s-es1 specified in board_part file is either invalid or not available
WARNING: [Board 49-26] cannot add Board Part xilinx.com:vmk180_es:part0:1.3 available at /tools/Xilinx/Vivado/2021.2/data/xhub/boards/XilinxBoardStore/boards/Xilinx/vmk180/es/1.3/board.xml as part xcvm1802-vsva2197-2mp-e-s-es1 specified in board_part file is either invalid or not available
WARNING: [Board 49-26] cannot add Board Part xilinx.com:vpk120_es:part0:1.2 available at /tools/Xilinx/Vivado/2021.2/data/xhub/boards/XilinxBoardStore/boards/Xilinx/vpk120/es/1.2/board.xml as part xcvp1202-vsva2785-2mp-e-s-es1 specified in board_part file is either invalid or not available
WARNING: [Board 49-26] cannot add Board Part xilinx.com:zcu208_es:part0:1.0 available at /tools/Xilinx/Vivado/2021.2/data/xhub/boards/XilinxBoardStore/boards/Xilinx/zcu208/es/1.0/board.xml as part xczu48dr-fsvg1517-2-e-es1 specified in board_part file is either invalid or not available
WARNING: [Board 49-26] cannot add Board Part xilinx.com:zcu208_es:part0:1.1 available at /tools/Xilinx/Vivado/2021.2/data/xhub/boards/XilinxBoardStore/boards/Xilinx/zcu208/es/1.1/board.xml as part xczu48dr-fsvg1517-2-e-es1 specified in board_part file is either invalid or not available
WARNING: [Board 49-26] cannot add Board Part xilinx.com:zcu208_es:part0:1.2 available at /tools/Xilinx/Vivado/2021.2/data/xhub/boards/XilinxBoardStore/boards/Xilinx/zcu208/es/1.2/board.xml as part xczu48dr-fsvg1517-2-e-es1 specified in board_part file is either invalid or not available
WARNING: [Board 49-26] cannot add Board Part xilinx.com:zcu208ld:part0:2.0 available at /tools/Xilinx/Vivado/2021.2/data/xhub/boards/XilinxBoardStore/boards/Xilinx/zcu208ld/production/2.0/board.xml as part xczu58dr-fsvg1517-2-i specified in board_part file is either invalid or not available
WARNING: [Board 49-26] cannot add Board Part xilinx.com:zcu208ld_es:part0:1.0 available at /tools/Xilinx/Vivado/2021.2/data/xhub/boards/XilinxBoardStore/boards/Xilinx/zcu208ld/es/1.0/board.xml as part xczu58dr-fsvg1517-2-i-es1 specified in board_part file is either invalid or not available
WARNING: [Board 49-26] cannot add Board Part xilinx.com:zcu216_es:part0:1.0 available at /tools/Xilinx/Vivado/2021.2/data/xhub/boards/XilinxBoardStore/boards/Xilinx/zcu216/es/1.0/board.xml as part xczu49dr-ffvf1760-2-e-es1 specified in board_part file is either invalid or not available
WARNING: [Board 49-26] cannot add Board Part xilinx.com:zcu216_es:part0:1.1 available at /tools/Xilinx/Vivado/2021.2/data/xhub/boards/XilinxBoardStore/boards/Xilinx/zcu216/es/1.1/board.xml as part xczu49dr-ffvf1760-2-e-es1 specified in board_part file is either invalid or not available
WARNING: [Board 49-26] cannot add Board Part xilinx.com:zcu216_es:part0:1.2 available at /tools/Xilinx/Vivado/2021.2/data/xhub/boards/XilinxBoardStore/boards/Xilinx/zcu216/es/1.2/board.xml as part xczu49dr-ffvf1760-2-e-es1 specified in board_part file is either invalid or not available
WARNING: [Board 49-26] cannot add Board Part xilinx.com:zcu216ld:part0:2.0 available at /tools/Xilinx/Vivado/2021.2/data/xhub/boards/XilinxBoardStore/boards/Xilinx/zcu216ld/production/2.0/board.xml as part xczu59dr-ffvf1760-2-i specified in board_part file is either invalid or not available
WARNING: [Board 49-26] cannot add Board Part xilinx.com:zcu216ld_es:part0:1.0 available at /tools/Xilinx/Vivado/2021.2/data/xhub/boards/XilinxBoardStore/boards/Xilinx/zcu216ld/es/1.0/board.xml as part xczu59dr-ffvf1760-2-i-es1 specified in board_part file is either invalid or not available
WARNING: [Board 49-26] cannot add Board Part xilinx.com:zcu670:part0:1.0 available at /tools/Xilinx/Vivado/2021.2/data/xhub/boards/XilinxBoardStore/boards/Xilinx/zcu670/1.0/board.xml as part xczu67dr-fsve1156-2-i specified in board_part file is either invalid or not available
WARNING: [Board 49-26] cannot add Board Part avnet.com:zuboard_1cg:part0:1.0 available at /tools/Xilinx/Vivado/2021.2/data/boards/board_files/zub1cg/1.0/board.xml as part xczu1cg-sbva484-1-e specified in board_part file is either invalid or not available
WARNING: [Board 49-26] cannot add Board Part em.avnet.com:ultrazed_7ev_cc_es2:part0:1.1 available at /tools/Xilinx/Vivado/2021.2/data/boards/board_files/deprecated/ultrazed_7ev_cc_es2/1.1/board.xml as part xczu7ev-fbvb900-1-i-es2 specified in board_part file is either invalid or not available
WARNING: [Board 49-26] cannot add Board Part em.avnet.com:ultrazed_eg_iocc:part0:1.0 available at /tools/Xilinx/Vivado/2021.2/data/boards/board_files/deprecated/ultrazed_3eg_iocc_es1/1.0/board.xml as part xczu3eg-sfva625-1-i-es1 specified in board_part file is either invalid or not available
WARNING: [Board 49-26] cannot add Board Part em.avnet.com:ultrazed_eg_pciecc:part0:1.0 available at /tools/Xilinx/Vivado/2021.2/data/boards/board_files/deprecated/ultrazed_3eg_pciecc_es1/1.0/board.xml as part xczu3eg-sfva625-1-i-es1 specified in board_part file is either invalid or not available
WARNING: [Board 49-26] cannot add Board Part em.avnet.com:ultrazed_eg_som:part0:1.0 available at /tools/Xilinx/Vivado/2021.2/data/boards/board_files/deprecated/ultrazed_3eg_som_es1/1.0/board.xml as part xczu3eg-sfva625-1-i-es1 specified in board_part file is either invalid or not available
WARNING: [Board 49-26] cannot add Board Part em.avnet.com:ultrazed_ev_som_es2:part0:1.1 available at /tools/Xilinx/Vivado/2021.2/data/boards/board_files/deprecated/ultrazed_7ev_som_es2/1.1/board.xml as part xczu7ev-fbvb900-1-i-es2 specified in board_part file is either invalid or not available
WARNING: [Board 49-26] cannot add Board Part xilinx.com:vck190_es:part0:1.3 available at /tools/Xilinx/Vivado/2021.2/data/xhub/boards/XilinxBoardStore/boards/Xilinx/vck190/es/1.3/board.xml as part xcvc1902-vsva2197-2mp-e-s-es1 specified in board_part file is either invalid or not available
WARNING: [Board 49-26] cannot add Board Part xilinx.com:vmk180_es:part0:1.3 available at /tools/Xilinx/Vivado/2021.2/data/xhub/boards/XilinxBoardStore/boards/Xilinx/vmk180/es/1.3/board.xml as part xcvm1802-vsva2197-2mp-e-s-es1 specified in board_part file is either invalid or not available
WARNING: [Board 49-26] cannot add Board Part xilinx.com:vpk120_es:part0:1.2 available at /tools/Xilinx/Vivado/2021.2/data/xhub/boards/XilinxBoardStore/boards/Xilinx/vpk120/es/1.2/board.xml as part xcvp1202-vsva2785-2mp-e-s-es1 specified in board_part file is either invalid or not available
WARNING: [Board 49-26] cannot add Board Part xilinx.com:zcu208_es:part0:1.0 available at /tools/Xilinx/Vivado/2021.2/data/xhub/boards/XilinxBoardStore/boards/Xilinx/zcu208/es/1.0/board.xml as part xczu48dr-fsvg1517-2-e-es1 specified in board_part file is either invalid or not available
WARNING: [Board 49-26] cannot add Board Part xilinx.com:zcu208_es:part0:1.1 available at /tools/Xilinx/Vivado/2021.2/data/xhub/boards/XilinxBoardStore/boards/Xilinx/zcu208/es/1.1/board.xml as part xczu48dr-fsvg1517-2-e-es1 specified in board_part file is either invalid or not available
WARNING: [Board 49-26] cannot add Board Part xilinx.com:zcu208_es:part0:1.2 available at /tools/Xilinx/Vivado/2021.2/data/xhub/boards/XilinxBoardStore/boards/Xilinx/zcu208/es/1.2/board.xml as part xczu48dr-fsvg1517-2-e-es1 specified in board_part file is either invalid or not available
WARNING: [Board 49-26] cannot add Board Part xilinx.com:zcu208ld:part0:2.0 available at /tools/Xilinx/Vivado/2021.2/data/xhub/boards/XilinxBoardStore/boards/Xilinx/zcu208ld/production/2.0/board.xml as part xczu58dr-fsvg1517-2-i specified in board_part file is either invalid or not available
WARNING: [Board 49-26] cannot add Board Part xilinx.com:zcu208ld_es:part0:1.0 available at /tools/Xilinx/Vivado/2021.2/data/xhub/boards/XilinxBoardStore/boards/Xilinx/zcu208ld/es/1.0/board.xml as part xczu58dr-fsvg1517-2-i-es1 specified in board_part file is either invalid or not available
WARNING: [Board 49-26] cannot add Board Part xilinx.com:zcu216_es:part0:1.0 available at /tools/Xilinx/Vivado/2021.2/data/xhub/boards/XilinxBoardStore/boards/Xilinx/zcu216/es/1.0/board.xml as part xczu49dr-ffvf1760-2-e-es1 specified in board_part file is either invalid or not available
WARNING: [Board 49-26] cannot add Board Part xilinx.com:zcu216_es:part0:1.1 available at /tools/Xilinx/Vivado/2021.2/data/xhub/boards/XilinxBoardStore/boards/Xilinx/zcu216/es/1.1/board.xml as part xczu49dr-ffvf1760-2-e-es1 specified in board_part file is either invalid or not available
WARNING: [Board 49-26] cannot add Board Part xilinx.com:zcu216_es:part0:1.2 available at /tools/Xilinx/Vivado/2021.2/data/xhub/boards/XilinxBoardStore/boards/Xilinx/zcu216/es/1.2/board.xml as part xczu49dr-ffvf1760-2-e-es1 specified in board_part file is either invalid or not available
WARNING: [Board 49-26] cannot add Board Part xilinx.com:zcu216ld:part0:2.0 available at /tools/Xilinx/Vivado/2021.2/data/xhub/boards/XilinxBoardStore/boards/Xilinx/zcu216ld/production/2.0/board.xml as part xczu59dr-ffvf1760-2-i specified in board_part file is either invalid or not available
WARNING: [Board 49-26] cannot add Board Part xilinx.com:zcu216ld_es:part0:1.0 available at /tools/Xilinx/Vivado/2021.2/data/xhub/boards/XilinxBoardStore/boards/Xilinx/zcu216ld/es/1.0/board.xml as part xczu59dr-ffvf1760-2-i-es1 specified in board_part file is either invalid or not available
WARNING: [Board 49-26] cannot add Board Part xilinx.com:zcu670:part0:1.0 available at /tools/Xilinx/Vivado/2021.2/data/xhub/boards/XilinxBoardStore/boards/Xilinx/zcu670/1.0/board.xml as part xczu67dr-fsve1156-2-i specified in board_part file is either invalid or not available
WARNING: [Board 49-26] cannot add Board Part avnet.com:zuboard_1cg:part0:1.0 available at /tools/Xilinx/Vivado/2021.2/data/boards/board_files/zub1cg/1.0/board.xml as part xczu1cg-sbva484-1-e specified in board_part file is either invalid or not available
WARNING: [Board 49-26] cannot add Board Part em.avnet.com:ultrazed_7ev_cc_es2:part0:1.1 available at /tools/Xilinx/Vivado/2021.2/data/boards/board_files/deprecated/ultrazed_7ev_cc_es2/1.1/board.xml as part xczu7ev-fbvb900-1-i-es2 specified in board_part file is either invalid or not available
WARNING: [Board 49-26] cannot add Board Part em.avnet.com:ultrazed_eg_iocc:part0:1.0 available at /tools/Xilinx/Vivado/2021.2/data/boards/board_files/deprecated/ultrazed_3eg_iocc_es1/1.0/board.xml as part xczu3eg-sfva625-1-i-es1 specified in board_part file is either invalid or not available
WARNING: [Board 49-26] cannot add Board Part em.avnet.com:ultrazed_eg_pciecc:part0:1.0 available at /tools/Xilinx/Vivado/2021.2/data/boards/board_files/deprecated/ultrazed_3eg_pciecc_es1/1.0/board.xml as part xczu3eg-sfva625-1-i-es1 specified in board_part file is either invalid or not available
WARNING: [Board 49-26] cannot add Board Part em.avnet.com:ultrazed_eg_som:part0:1.0 available at /tools/Xilinx/Vivado/2021.2/data/boards/board_files/deprecated/ultrazed_3eg_som_es1/1.0/board.xml as part xczu3eg-sfva625-1-i-es1 specified in board_part file is either invalid or not available
WARNING: [Board 49-26] cannot add Board Part em.avnet.com:ultrazed_ev_som_es2:part0:1.1 available at /tools/Xilinx/Vivado/2021.2/data/boards/board_files/deprecated/ultrazed_7ev_som_es2/1.1/board.xml as part xczu7ev-fbvb900-1-i-es2 specified in board_part file is either invalid or not available
WARNING: [Board 49-26] cannot add Board Part xilinx.com:vck190_es:part0:1.3 available at /tools/Xilinx/Vivado/2021.2/data/xhub/boards/XilinxBoardStore/boards/Xilinx/vck190/es/1.3/board.xml as part xcvc1902-vsva2197-2mp-e-s-es1 specified in board_part file is either invalid or not available
WARNING: [Board 49-26] cannot add Board Part xilinx.com:vmk180_es:part0:1.3 available at /tools/Xilinx/Vivado/2021.2/data/xhub/boards/XilinxBoardStore/boards/Xilinx/vmk180/es/1.3/board.xml as part xcvm1802-vsva2197-2mp-e-s-es1 specified in board_part file is either invalid or not available
WARNING: [Board 49-26] cannot add Board Part xilinx.com:vpk120_es:part0:1.2 available at /tools/Xilinx/Vivado/2021.2/data/xhub/boards/XilinxBoardStore/boards/Xilinx/vpk120/es/1.2/board.xml as part xcvp1202-vsva2785-2mp-e-s-es1 specified in board_part file is either invalid or not available
WARNING: [Board 49-26] cannot add Board Part xilinx.com:zcu208_es:part0:1.0 available at /tools/Xilinx/Vivado/2021.2/data/xhub/boards/XilinxBoardStore/boards/Xilinx/zcu208/es/1.0/board.xml as part xczu48dr-fsvg1517-2-e-es1 specified in board_part file is either invalid or not available
WARNING: [Board 49-26] cannot add Board Part xilinx.com:zcu208_es:part0:1.1 available at /tools/Xilinx/Vivado/2021.2/data/xhub/boards/XilinxBoardStore/boards/Xilinx/zcu208/es/1.1/board.xml as part xczu48dr-fsvg1517-2-e-es1 specified in board_part file is either invalid or not available
WARNING: [Board 49-26] cannot add Board Part xilinx.com:zcu208_es:part0:1.2 available at /tools/Xilinx/Vivado/2021.2/data/xhub/boards/XilinxBoardStore/boards/Xilinx/zcu208/es/1.2/board.xml as part xczu48dr-fsvg1517-2-e-es1 specified in board_part file is either invalid or not available
WARNING: [Board 49-26] cannot add Board Part xilinx.com:zcu208ld:part0:2.0 available at /tools/Xilinx/Vivado/2021.2/data/xhub/boards/XilinxBoardStore/boards/Xilinx/zcu208ld/production/2.0/board.xml as part xczu58dr-fsvg1517-2-i specified in board_part file is either invalid or not available
WARNING: [Board 49-26] cannot add Board Part xilinx.com:zcu208ld_es:part0:1.0 available at /tools/Xilinx/Vivado/2021.2/data/xhub/boards/XilinxBoardStore/boards/Xilinx/zcu208ld/es/1.0/board.xml as part xczu58dr-fsvg1517-2-i-es1 specified in board_part file is either invalid or not available
WARNING: [Board 49-26] cannot add Board Part xilinx.com:zcu216_es:part0:1.0 available at /tools/Xilinx/Vivado/2021.2/data/xhub/boards/XilinxBoardStore/boards/Xilinx/zcu216/es/1.0/board.xml as part xczu49dr-ffvf1760-2-e-es1 specified in board_part file is either invalid or not available
WARNING: [Board 49-26] cannot add Board Part xilinx.com:zcu216_es:part0:1.1 available at /tools/Xilinx/Vivado/2021.2/data/xhub/boards/XilinxBoardStore/boards/Xilinx/zcu216/es/1.1/board.xml as part xczu49dr-ffvf1760-2-e-es1 specified in board_part file is either invalid or not available
WARNING: [Board 49-26] cannot add Board Part xilinx.com:zcu216_es:part0:1.2 available at /tools/Xilinx/Vivado/2021.2/data/xhub/boards/XilinxBoardStore/boards/Xilinx/zcu216/es/1.2/board.xml as part xczu49dr-ffvf1760-2-e-es1 specified in board_part file is either invalid or not available
WARNING: [Board 49-26] cannot add Board Part xilinx.com:zcu216ld:part0:2.0 available at /tools/Xilinx/Vivado/2021.2/data/xhub/boards/XilinxBoardStore/boards/Xilinx/zcu216ld/production/2.0/board.xml as part xczu59dr-ffvf1760-2-i specified in board_part file is either invalid or not available
WARNING: [Board 49-26] cannot add Board Part xilinx.com:zcu216ld_es:part0:1.0 available at /tools/Xilinx/Vivado/2021.2/data/xhub/boards/XilinxBoardStore/boards/Xilinx/zcu216ld/es/1.0/board.xml as part xczu59dr-ffvf1760-2-i-es1 specified in board_part file is either invalid or not available
WARNING: [Board 49-26] cannot add Board Part xilinx.com:zcu670:part0:1.0 available at /tools/Xilinx/Vivado/2021.2/data/xhub/boards/XilinxBoardStore/boards/Xilinx/zcu670/1.0/board.xml as part xczu67dr-fsve1156-2-i specified in board_part file is either invalid or not available
WARNING: [Board 49-26] cannot add Board Part avnet.com:zuboard_1cg:part0:1.0 available at /tools/Xilinx/Vivado/2021.2/data/boards/board_files/zub1cg/1.0/board.xml as part xczu1cg-sbva484-1-e specified in board_part file is either invalid or not available
WARNING: [Board 49-26] cannot add Board Part em.avnet.com:ultrazed_7ev_cc_es2:part0:1.1 available at /tools/Xilinx/Vivado/2021.2/data/boards/board_files/deprecated/ultrazed_7ev_cc_es2/1.1/board.xml as part xczu7ev-fbvb900-1-i-es2 specified in board_part file is either invalid or not available
WARNING: [Board 49-26] cannot add Board Part em.avnet.com:ultrazed_eg_iocc:part0:1.0 available at /tools/Xilinx/Vivado/2021.2/data/boards/board_files/deprecated/ultrazed_3eg_iocc_es1/1.0/board.xml as part xczu3eg-sfva625-1-i-es1 specified in board_part file is either invalid or not available
WARNING: [Board 49-26] cannot add Board Part em.avnet.com:ultrazed_eg_pciecc:part0:1.0 available at /tools/Xilinx/Vivado/2021.2/data/boards/board_files/deprecated/ultrazed_3eg_pciecc_es1/1.0/board.xml as part xczu3eg-sfva625-1-i-es1 specified in board_part file is either invalid or not available
WARNING: [Board 49-26] cannot add Board Part em.avnet.com:ultrazed_eg_som:part0:1.0 available at /tools/Xilinx/Vivado/2021.2/data/boards/board_files/deprecated/ultrazed_3eg_som_es1/1.0/board.xml as part xczu3eg-sfva625-1-i-es1 specified in board_part file is either invalid or not available
WARNING: [Board 49-26] cannot add Board Part em.avnet.com:ultrazed_ev_som_es2:part0:1.1 available at /tools/Xilinx/Vivado/2021.2/data/boards/board_files/deprecated/ultrazed_7ev_som_es2/1.1/board.xml as part xczu7ev-fbvb900-1-i-es2 specified in board_part file is either invalid or not available
WARNING: [Board 49-26] cannot add Board Part xilinx.com:vck190_es:part0:1.3 available at /tools/Xilinx/Vivado/2021.2/data/xhub/boards/XilinxBoardStore/boards/Xilinx/vck190/es/1.3/board.xml as part xcvc1902-vsva2197-2mp-e-s-es1 specified in board_part file is either invalid or not available
WARNING: [Board 49-26] cannot add Board Part xilinx.com:vmk180_es:part0:1.3 available at /tools/Xilinx/Vivado/2021.2/data/xhub/boards/XilinxBoardStore/boards/Xilinx/vmk180/es/1.3/board.xml as part xcvm1802-vsva2197-2mp-e-s-es1 specified in board_part file is either invalid or not available
WARNING: [Board 49-26] cannot add Board Part xilinx.com:vpk120_es:part0:1.2 available at /tools/Xilinx/Vivado/2021.2/data/xhub/boards/XilinxBoardStore/boards/Xilinx/vpk120/es/1.2/board.xml as part xcvp1202-vsva2785-2mp-e-s-es1 specified in board_part file is either invalid or not available
WARNING: [Board 49-26] cannot add Board Part xilinx.com:zcu208_es:part0:1.2 available at /tools/Xilinx/Vivado/2021.2/data/xhub/boards/XilinxBoardStore/boards/Xilinx/zcu208/es/1.2/board.xml as part xczu48dr-fsvg1517-2-e-es1 specified in board_part file is either invalid or not available
WARNING: [Board 49-26] cannot add Board Part xilinx.com:zcu208ld:part0:2.0 available at /tools/Xilinx/Vivado/2021.2/data/xhub/boards/XilinxBoardStore/boards/Xilinx/zcu208ld/production/2.0/board.xml as part xczu58dr-fsvg1517-2-i specified in board_part file is either invalid or not available
WARNING: [Board 49-26] cannot add Board Part xilinx.com:zcu208ld_es:part0:1.0 available at /tools/Xilinx/Vivado/2021.2/data/xhub/boards/XilinxBoardStore/boards/Xilinx/zcu208ld/es/1.0/board.xml as part xczu58dr-fsvg1517-2-i-es1 specified in board_part file is either invalid or not available
WARNING: [Board 49-26] cannot add Board Part xilinx.com:zcu216_es:part0:1.2 available at /tools/Xilinx/Vivado/2021.2/data/xhub/boards/XilinxBoardStore/boards/Xilinx/zcu216/es/1.2/board.xml as part xczu49dr-ffvf1760-2-e-es1 specified in board_part file is either invalid or not available
WARNING: [Board 49-26] cannot add Board Part xilinx.com:zcu216ld:part0:2.0 available at /tools/Xilinx/Vivado/2021.2/data/xhub/boards/XilinxBoardStore/boards/Xilinx/zcu216ld/production/2.0/board.xml as part xczu59dr-ffvf1760-2-i specified in board_part file is either invalid or not available
WARNING: [Board 49-26] cannot add Board Part xilinx.com:zcu216ld_es:part0:1.0 available at /tools/Xilinx/Vivado/2021.2/data/xhub/boards/XilinxBoardStore/boards/Xilinx/zcu216ld/es/1.0/board.xml as part xczu59dr-ffvf1760-2-i-es1 specified in board_part file is either invalid or not available
WARNING: [Board 49-26] cannot add Board Part xilinx.com:zcu670:part0:1.0 available at /tools/Xilinx/Vivado/2021.2/data/xhub/boards/XilinxBoardStore/boards/Xilinx/zcu670/1.0/board.xml as part xczu67dr-fsve1156-2-i specified in board_part file is either invalid or not available
create_project ultra96v2_dfx /home/luiscarlos/Desktop/ultra/secure_tiles2/vivado/ultra96v2_dfx/vivado_project -part xczu3eg-sbva484-1-i
INFO: [IP_Flow 19-234] Refreshing IP repositories
INFO: [IP_Flow 19-1704] No user IP repositories specified
INFO: [IP_Flow 19-2313] Loaded Vivado IP repository '/tools/Xilinx/Vivado/2021.2/data/ip'.
create_project: Time (s): cpu = 00:00:11 ; elapsed = 00:00:06 . Memory (MB): peak = 7589.215 ; gain = 28.016 ; free physical = 126 ; free virtual = 11635
set_property board_part avnet.com:ultra96v2:part0:1.2 [current_project]
add_files -norecurse -scan_for_includes {/home/luiscarlos/Desktop/ultra/secure_tiles2/vivado/ultra96v2_dfx/src/design/aes_encipher_block.v /home/luiscarlos/Desktop/ultra/secure_tiles2/vivado/ultra96v2_dfx/src/design/aes_core.v /home/luiscarlos/Desktop/ultra/secure_tiles2/vivado/ultra96v2_dfx/src/design/aes_decipher_block.v /home/luiscarlos/Desktop/ultra/secure_tiles2/vivado/ultra96v2_dfx/src/design/aes_sbox.v /home/luiscarlos/Desktop/ultra/secure_tiles2/vivado/ultra96v2_dfx/src/design/aes_inv_sbox.v /home/luiscarlos/Desktop/ultra/secure_tiles2/vivado/ultra96v2_dfx/src/design/fifo_buff.v /home/luiscarlos/Desktop/ultra/secure_tiles2/vivado/ultra96v2_dfx/src/design/icap_inst.v /home/luiscarlos/Desktop/ultra/secure_tiles2/vivado/ultra96v2_dfx/src/design/aes_key_mem.v /home/luiscarlos/Desktop/ultra/secure_tiles2/vivado/ultra96v2_dfx/src/design/aes.v}
update_compile_order -fileset sources_1
update_compile_order -fileset sources_1
add_files -fileset constrs_1 -norecurse /home/luiscarlos/Desktop/ultra/secure_tiles2/vivado/ultra96v2_dfx/src/constraints/IO_constraints.xdc
git init
git add .
git commit -m "primeiro commit deste projeto"
WARNING: [Vivado 12-818] No files matched '*.bd'
INFO: [Vivado-projutils-8] Tcl script 'ultra96v2_dfx.tcl' generated in output directory '/home/luiscarlos/Desktop/ultra/secure_tiles2/vivado/ultra96v2_dfx'

INFO: [Vivado-projutils-15] The file paths for the project source files were set relative to the location of the generated script.
ultra96v2_dfx.tcl
[master 97bdc74] primeiro commit deste projeto
 264 files changed, 444916 insertions(+), 5534 deletions(-)
 create mode 100644 .Xil/Vivado-11015-luiscarlos-GL552VX/bda/design_1.bda
 create mode 100644 .Xil/Vivado-11015-luiscarlos-GL552VX/bda1/my_axi_const33_inst_0.bda
 create mode 100644 .Xil/Vivado-11015-luiscarlos-GL552VX/bda2/my_axi_const33_inst_1.bda
 create mode 100644 .Xil/Vivado-11015-luiscarlos-GL552VX/bda3/my_axi_const33_inst_2.bda
 create mode 100644 .Xil/Vivado-11015-luiscarlos-GL552VX/design_1_wrapper.hwdef
 create mode 100644 .Xil/Vivado-11015-luiscarlos-GL552VX/hdfFromDcp/design_1_wrapper.hwdef
 create mode 100644 .Xil/Vivado-11015-luiscarlos-GL552VX/hw_ila_data_1/xsim.dir/snapshot/xsim.dbg
 create mode 100644 .Xil/Vivado-11015-luiscarlos-GL552VX/hw_ila_data_1/xsim.dir/snapshot/xsim.rtti
 create mode 100755 .Xil/Vivado-11015-luiscarlos-GL552VX/hw_ila_data_1/zip_work/hw_ila_data_1.wcfg
 create mode 100644 .Xil/Vivado-11015-luiscarlos-GL552VX/hw_ila_data_1/zip_work/hw_ila_data_1.wdb
 create mode 100644 .Xil/Vivado-11015-luiscarlos-GL552VX/hw_ila_data_1/zip_work/probes.ltx
 create mode 100644 .Xil/Vivado-11015-luiscarlos-GL552VX/hw_ila_data_1/zip_work/waveform.csv
 create mode 100644 .Xil/Vivado-11015-luiscarlos-GL552VX/hw_ila_data_1/zip_work/waveform.dmp
 create mode 100644 .Xil/Vivado-11015-luiscarlos-GL552VX/hw_ila_data_1/zip_work/waveform.vcd
 create mode 100644 .Xil/Vivado-190886-luiscarlos-GL552VX/design_1.bda
 create mode 100644 .Xil/Vivado-190886-luiscarlos-GL552VX/hw_ila_data_1/xsim.dir/snapshot/xsim.dbg
 create mode 100644 .Xil/Vivado-190886-luiscarlos-GL552VX/hw_ila_data_1/xsim.dir/snapshot/xsim.rtti
 create mode 100755 .Xil/Vivado-190886-luiscarlos-GL552VX/hw_ila_data_1/zip_work/hw_ila_data_1.wcfg
 create mode 100644 .Xil/Vivado-190886-luiscarlos-GL552VX/hw_ila_data_1/zip_work/hw_ila_data_1.wdb
 create mode 100644 .Xil/Vivado-190886-luiscarlos-GL552VX/hw_ila_data_1/zip_work/probes.ltx
 create mode 100644 .Xil/Vivado-190886-luiscarlos-GL552VX/hw_ila_data_1/zip_work/waveform.csv
 create mode 100644 .Xil/Vivado-190886-luiscarlos-GL552VX/hw_ila_data_1/zip_work/waveform.dmp
 create mode 100644 .Xil/Vivado-190886-luiscarlos-GL552VX/hw_ila_data_1/zip_work/waveform.vcd
 create mode 100644 .Xil/Vivado-190886-luiscarlos-GL552VX/iladata3/zip_work/iladata3.csv
 create mode 100644 .Xil/Vivado-190886-luiscarlos-GL552VX/iladata3/zip_work/iladata3.dmp
 create mode 100644 .Xil/Vivado-190886-luiscarlos-GL552VX/iladata3/zip_work/iladata3.ltx
 create mode 100644 .Xil/Vivado-190886-luiscarlos-GL552VX/iladata3/zip_work/iladata3.vcd
 create mode 100755 .Xil/Vivado-190886-luiscarlos-GL552VX/iladata3/zip_work/iladata3.wcfg
 create mode 100644 .Xil/Vivado-190886-luiscarlos-GL552VX/iladata3/zip_work/iladata3.wdb
 create mode 100644 .Xil/Vivado-190886-luiscarlos-GL552VX/my_hw_ila_data_file/zip_work/my_hw_ila_data_file.csv
 create mode 100644 .Xil/Vivado-190886-luiscarlos-GL552VX/my_hw_ila_data_file/zip_work/my_hw_ila_data_file.dmp
 create mode 100644 .Xil/Vivado-190886-luiscarlos-GL552VX/my_hw_ila_data_file/zip_work/my_hw_ila_data_file.ltx
 create mode 100644 .Xil/Vivado-190886-luiscarlos-GL552VX/my_hw_ila_data_file/zip_work/my_hw_ila_data_file.vcd
 create mode 100755 .Xil/Vivado-190886-luiscarlos-GL552VX/my_hw_ila_data_file/zip_work/my_hw_ila_data_file.wcfg
 create mode 100644 .Xil/Vivado-190886-luiscarlos-GL552VX/my_hw_ila_data_file/zip_work/my_hw_ila_data_file.wdb
 create mode 100755 .Xil/Vivado-190886-luiscarlos-GL552VX/offline/iladata3/iladata3.wcfg
 create mode 100755 .Xil/Vivado-190886-luiscarlos-GL552VX/offline/iladata3/iladata3.wdb
 create mode 100755 .Xil/Vivado-190886-luiscarlos-GL552VX/offline/my_hw_ila_data_file/my_hw_ila_data_file.wcfg
 create mode 100755 .Xil/Vivado-190886-luiscarlos-GL552VX/offline/my_hw_ila_data_file/my_hw_ila_data_file.wdb
 create mode 100644 .Xil/Vivado-217915-luiscarlos-GL552VX/design_1.bda
 create mode 100644 .Xil/Vivado-217915-luiscarlos-GL552VX/hw_ila_data_1/xsim.dir/snapshot/xsim.dbg
 create mode 100644 .Xil/Vivado-217915-luiscarlos-GL552VX/hw_ila_data_1/xsim.dir/snapshot/xsim.rtti
 create mode 100755 .Xil/Vivado-217915-luiscarlos-GL552VX/hw_ila_data_1/zip_work/hw_ila_data_1.wcfg
 create mode 100644 .Xil/Vivado-217915-luiscarlos-GL552VX/hw_ila_data_1/zip_work/hw_ila_data_1.wdb
 create mode 100644 .Xil/Vivado-217915-luiscarlos-GL552VX/hw_ila_data_1/zip_work/probes.ltx
 create mode 100644 .Xil/Vivado-217915-luiscarlos-GL552VX/hw_ila_data_1/zip_work/waveform.csv
 create mode 100644 .Xil/Vivado-217915-luiscarlos-GL552VX/hw_ila_data_1/zip_work/waveform.dmp
 create mode 100644 .Xil/Vivado-217915-luiscarlos-GL552VX/hw_ila_data_1/zip_work/waveform.vcd
 create mode 100644 .Xil/Vivado-221193-luiscarlos-GL552VX/bda/design_1.bda
 create mode 100644 .Xil/Vivado-221193-luiscarlos-GL552VX/bda1/my_axi_const33_inst_0.bda
 create mode 100644 .Xil/Vivado-221193-luiscarlos-GL552VX/bda2/my_axi_const33_inst_1.bda
 create mode 100644 .Xil/Vivado-221193-luiscarlos-GL552VX/bda3/my_axi_const33_inst_2.bda
 create mode 100644 .Xil/Vivado-221193-luiscarlos-GL552VX/design_1_wrapper.hwdef
 create mode 100644 .Xil/Vivado-221193-luiscarlos-GL552VX/hdfFromDcp/design_1_wrapper.hwdef
 create mode 100644 .Xil/Vivado-262002-luiscarlos-GL552VX/design_1_wrapper.hwdef
 create mode 100644 .Xil/Vivado-262002-luiscarlos-GL552VX/hdfFromDcp/design_1_wrapper.hwdef
 create mode 100644 .Xil/Vivado-263165-luiscarlos-GL552VX/design_1.bda
 create mode 100644 .Xil/Vivado-263165-luiscarlos-GL552VX/hw_ila_data_1/xsim.dir/snapshot/xsim.dbg
 create mode 100644 .Xil/Vivado-263165-luiscarlos-GL552VX/hw_ila_data_1/xsim.dir/snapshot/xsim.rtti
 create mode 100755 .Xil/Vivado-263165-luiscarlos-GL552VX/hw_ila_data_1/zip_work/hw_ila_data_1.wcfg
 create mode 100644 .Xil/Vivado-263165-luiscarlos-GL552VX/hw_ila_data_1/zip_work/hw_ila_data_1.wdb
 create mode 100644 .Xil/Vivado-263165-luiscarlos-GL552VX/hw_ila_data_1/zip_work/probes.ltx
 create mode 100644 .Xil/Vivado-263165-luiscarlos-GL552VX/hw_ila_data_1/zip_work/waveform.csv
 create mode 100644 .Xil/Vivado-263165-luiscarlos-GL552VX/hw_ila_data_1/zip_work/waveform.dmp
 create mode 100644 .Xil/Vivado-263165-luiscarlos-GL552VX/hw_ila_data_1/zip_work/waveform.vcd
 create mode 100644 .Xil/Vivado-270231-luiscarlos-GL552VX/design_1.bda
 create mode 100644 .Xil/Vivado-270231-luiscarlos-GL552VX/hw_ila_data_1/xsim.dir/snapshot/xsim.dbg
 create mode 100644 .Xil/Vivado-270231-luiscarlos-GL552VX/hw_ila_data_1/xsim.dir/snapshot/xsim.rtti
 create mode 100755 .Xil/Vivado-270231-luiscarlos-GL552VX/hw_ila_data_1/zip_work/hw_ila_data_1.wcfg
 create mode 100644 .Xil/Vivado-270231-luiscarlos-GL552VX/hw_ila_data_1/zip_work/hw_ila_data_1.wdb
 create mode 100644 .Xil/Vivado-270231-luiscarlos-GL552VX/hw_ila_data_1/zip_work/probes.ltx
 create mode 100644 .Xil/Vivado-270231-luiscarlos-GL552VX/hw_ila_data_1/zip_work/waveform.csv
 create mode 100644 .Xil/Vivado-270231-luiscarlos-GL552VX/hw_ila_data_1/zip_work/waveform.dmp
 create mode 100644 .Xil/Vivado-270231-luiscarlos-GL552VX/hw_ila_data_1/zip_work/waveform.vcd
 create mode 100644 .Xil/Vivado-320376-luiscarlos-GL552VX/design_1.bda
 create mode 100644 .Xil/Vivado-320376-luiscarlos-GL552VX/design_1_wrapper.hwdef
 create mode 100644 .Xil/Vivado-320376-luiscarlos-GL552VX/hdfFromDcp/design_1_wrapper.hwdef
 create mode 100644 .Xil/Vivado-320376-luiscarlos-GL552VX/hw_ila_data_1/xsim.dir/snapshot/xsim.dbg
 create mode 100644 .Xil/Vivado-320376-luiscarlos-GL552VX/hw_ila_data_1/xsim.dir/snapshot/xsim.rtti
 create mode 100755 .Xil/Vivado-320376-luiscarlos-GL552VX/hw_ila_data_1/zip_work/hw_ila_data_1.wcfg
 create mode 100644 .Xil/Vivado-320376-luiscarlos-GL552VX/hw_ila_data_1/zip_work/hw_ila_data_1.wdb
 create mode 100644 .Xil/Vivado-320376-luiscarlos-GL552VX/hw_ila_data_1/zip_work/probes.ltx
 create mode 100644 .Xil/Vivado-320376-luiscarlos-GL552VX/hw_ila_data_1/zip_work/waveform.csv
 create mode 100644 .Xil/Vivado-320376-luiscarlos-GL552VX/hw_ila_data_1/zip_work/waveform.dmp
 create mode 100644 .Xil/Vivado-320376-luiscarlos-GL552VX/hw_ila_data_1/zip_work/waveform.vcd
 create mode 100644 .Xil/Vivado-320376-luiscarlos-GL552VX/iladata3/zip_work/iladata3.csv
 create mode 100644 .Xil/Vivado-320376-luiscarlos-GL552VX/iladata3/zip_work/iladata3.dmp
 create mode 100644 .Xil/Vivado-320376-luiscarlos-GL552VX/iladata3/zip_work/iladata3.ltx
 create mode 100644 .Xil/Vivado-320376-luiscarlos-GL552VX/iladata3/zip_work/iladata3.vcd
 create mode 100755 .Xil/Vivado-320376-luiscarlos-GL552VX/iladata3/zip_work/iladata3.wcfg
 create mode 100644 .Xil/Vivado-320376-luiscarlos-GL552VX/iladata3/zip_work/iladata3.wdb
 create mode 100644 .Xil/Vivado-320376-luiscarlos-GL552VX/my_hw_ila_data_file/zip_work/my_hw_ila_data_file.csv
 create mode 100644 .Xil/Vivado-320376-luiscarlos-GL552VX/my_hw_ila_data_file/zip_work/my_hw_ila_data_file.dmp
 create mode 100644 .Xil/Vivado-320376-luiscarlos-GL552VX/my_hw_ila_data_file/zip_work/my_hw_ila_data_file.ltx
 create mode 100644 .Xil/Vivado-320376-luiscarlos-GL552VX/my_hw_ila_data_file/zip_work/my_hw_ila_data_file.vcd
 create mode 100755 .Xil/Vivado-320376-luiscarlos-GL552VX/my_hw_ila_data_file/zip_work/my_hw_ila_data_file.wcfg
 create mode 100644 .Xil/Vivado-320376-luiscarlos-GL552VX/my_hw_ila_data_file/zip_work/my_hw_ila_data_file.wdb
 create mode 100755 .Xil/Vivado-320376-luiscarlos-GL552VX/offline/iladata3/iladata3.wcfg
 create mode 100755 .Xil/Vivado-320376-luiscarlos-GL552VX/offline/iladata3/iladata3.wdb
 create mode 100755 .Xil/Vivado-320376-luiscarlos-GL552VX/offline/my_hw_ila_data_file/my_hw_ila_data_file.wcfg
 create mode 100755 .Xil/Vivado-320376-luiscarlos-GL552VX/offline/my_hw_ila_data_file/my_hw_ila_data_file.wdb
 create mode 100644 .Xil/Vivado-3760-luiscarlos-GL552VX/bda/design_1.bda
 create mode 100644 .Xil/Vivado-3760-luiscarlos-GL552VX/bda1/my_axi_const33_inst_0.bda
 create mode 100644 .Xil/Vivado-3760-luiscarlos-GL552VX/bda2/my_axi_const33_inst_1.bda
 create mode 100644 .Xil/Vivado-3760-luiscarlos-GL552VX/bda3/my_axi_const33_inst_2.bda
 create mode 100644 .Xil/Vivado-3760-luiscarlos-GL552VX/bda4/design_1.bda
 create mode 100644 .Xil/Vivado-3760-luiscarlos-GL552VX/bda5/my_axi_const33_inst_1.bda
 create mode 100644 .Xil/Vivado-3760-luiscarlos-GL552VX/bda6/my_axi_const33_inst_2.bda
 create mode 100644 .Xil/Vivado-3760-luiscarlos-GL552VX/bda7/my_axi_const33_inst_0.bda
 create mode 100644 .Xil/Vivado-3760-luiscarlos-GL552VX/design_1_wrapper.hwdef
 create mode 100644 .Xil/Vivado-3760-luiscarlos-GL552VX/hdfFromDcp/design_1_wrapper.hwdef
 create mode 100644 .Xil/Vivado-3760-luiscarlos-GL552VX/hw_ila_data_1/xsim.dir/snapshot/xsim.dbg
 create mode 100644 .Xil/Vivado-3760-luiscarlos-GL552VX/hw_ila_data_1/xsim.dir/snapshot/xsim.rtti
 create mode 100755 .Xil/Vivado-3760-luiscarlos-GL552VX/hw_ila_data_1/zip_work/hw_ila_data_1.wcfg
 create mode 100644 .Xil/Vivado-3760-luiscarlos-GL552VX/hw_ila_data_1/zip_work/hw_ila_data_1.wdb
 create mode 100644 .Xil/Vivado-3760-luiscarlos-GL552VX/hw_ila_data_1/zip_work/probes.ltx
 create mode 100644 .Xil/Vivado-3760-luiscarlos-GL552VX/hw_ila_data_1/zip_work/waveform.csv
 create mode 100644 .Xil/Vivado-3760-luiscarlos-GL552VX/hw_ila_data_1/zip_work/waveform.dmp
 create mode 100644 .Xil/Vivado-3760-luiscarlos-GL552VX/hw_ila_data_1/zip_work/waveform.vcd
 create mode 100644 .Xil/Vivado-390276-luiscarlos-GL552VX/design_1.bda
 create mode 100644 .Xil/Vivado-390276-luiscarlos-GL552VX/hw_ila_data_1/xsim.dir/snapshot/xsim.dbg
 create mode 100644 .Xil/Vivado-390276-luiscarlos-GL552VX/hw_ila_data_1/xsim.dir/snapshot/xsim.rtti
 create mode 100755 .Xil/Vivado-390276-luiscarlos-GL552VX/hw_ila_data_1/zip_work/hw_ila_data_1.wcfg
 create mode 100644 .Xil/Vivado-390276-luiscarlos-GL552VX/hw_ila_data_1/zip_work/hw_ila_data_1.wdb
 create mode 100644 .Xil/Vivado-390276-luiscarlos-GL552VX/hw_ila_data_1/zip_work/probes.ltx
 create mode 100644 .Xil/Vivado-390276-luiscarlos-GL552VX/hw_ila_data_1/zip_work/waveform.csv
 create mode 100644 .Xil/Vivado-390276-luiscarlos-GL552VX/hw_ila_data_1/zip_work/waveform.dmp
 create mode 100644 .Xil/Vivado-390276-luiscarlos-GL552VX/hw_ila_data_1/zip_work/waveform.vcd
 create mode 100644 .Xil/Vivado-39466-luiscarlos-GL552VX/design_1_wrapper.hwdef
 create mode 100644 .Xil/Vivado-39466-luiscarlos-GL552VX/hdfFromDcp/design_1_wrapper.hwdef
 create mode 100644 .Xil/Vivado-39466-luiscarlos-GL552VX/hw_ila_data_1/xsim.dir/snapshot/xsim.dbg
 create mode 100644 .Xil/Vivado-39466-luiscarlos-GL552VX/hw_ila_data_1/xsim.dir/snapshot/xsim.rtti
 create mode 100755 .Xil/Vivado-39466-luiscarlos-GL552VX/hw_ila_data_1/zip_work/hw_ila_data_1.wcfg
 create mode 100644 .Xil/Vivado-39466-luiscarlos-GL552VX/hw_ila_data_1/zip_work/hw_ila_data_1.wdb
 create mode 100644 .Xil/Vivado-39466-luiscarlos-GL552VX/hw_ila_data_1/zip_work/probes.ltx
 create mode 100644 .Xil/Vivado-39466-luiscarlos-GL552VX/hw_ila_data_1/zip_work/waveform.csv
 create mode 100644 .Xil/Vivado-39466-luiscarlos-GL552VX/hw_ila_data_1/zip_work/waveform.dmp
 create mode 100644 .Xil/Vivado-39466-luiscarlos-GL552VX/hw_ila_data_1/zip_work/waveform.vcd
 create mode 100644 .Xil/Vivado-434210-luiscarlos-GL552VX/design_1_wrapper.hwdef
 create mode 100644 .Xil/Vivado-434210-luiscarlos-GL552VX/hdfFromDcp/design_1_wrapper.hwdef
 create mode 100644 .Xil/Vivado-4415-luiscarlos-GL552VX/design_1.bda
 create mode 100644 .Xil/Vivado-4415-luiscarlos-GL552VX/hw_ila_data_1/xsim.dir/snapshot/xsim.dbg
 create mode 100644 .Xil/Vivado-4415-luiscarlos-GL552VX/hw_ila_data_1/xsim.dir/snapshot/xsim.rtti
 create mode 100755 .Xil/Vivado-4415-luiscarlos-GL552VX/hw_ila_data_1/zip_work/hw_ila_data_1.wcfg
 create mode 100644 .Xil/Vivado-4415-luiscarlos-GL552VX/hw_ila_data_1/zip_work/hw_ila_data_1.wdb
 create mode 100644 .Xil/Vivado-4415-luiscarlos-GL552VX/hw_ila_data_1/zip_work/probes.ltx
 create mode 100644 .Xil/Vivado-4415-luiscarlos-GL552VX/hw_ila_data_1/zip_work/waveform.csv
 create mode 100644 .Xil/Vivado-4415-luiscarlos-GL552VX/hw_ila_data_1/zip_work/waveform.dmp
 create mode 100644 .Xil/Vivado-4415-luiscarlos-GL552VX/hw_ila_data_1/zip_work/waveform.vcd
 create mode 100644 .Xil/Vivado-4415-luiscarlos-GL552VX/iladata3/zip_work/iladata3.csv
 create mode 100644 .Xil/Vivado-4415-luiscarlos-GL552VX/iladata3/zip_work/iladata3.dmp
 create mode 100644 .Xil/Vivado-4415-luiscarlos-GL552VX/iladata3/zip_work/iladata3.ltx
 create mode 100644 .Xil/Vivado-4415-luiscarlos-GL552VX/iladata3/zip_work/iladata3.vcd
 create mode 100755 .Xil/Vivado-4415-luiscarlos-GL552VX/iladata3/zip_work/iladata3.wcfg
 create mode 100644 .Xil/Vivado-4415-luiscarlos-GL552VX/iladata3/zip_work/iladata3.wdb
 create mode 100755 .Xil/Vivado-4415-luiscarlos-GL552VX/offline/iladata3/iladata3.wcfg
 create mode 100755 .Xil/Vivado-4415-luiscarlos-GL552VX/offline/iladata3/iladata3.wdb
 create mode 100644 .Xil/Vivado-446664-luiscarlos-GL552VX/design_1.bda
 create mode 100644 .Xil/Vivado-4887-luiscarlos-GL552VX/design_1.bda
 create mode 100644 .Xil/Vivado-4887-luiscarlos-GL552VX/hw_ila_data_1/xsim.dir/snapshot/xsim.dbg
 create mode 100644 .Xil/Vivado-4887-luiscarlos-GL552VX/hw_ila_data_1/xsim.dir/snapshot/xsim.rtti
 create mode 100755 .Xil/Vivado-4887-luiscarlos-GL552VX/hw_ila_data_1/zip_work/hw_ila_data_1.wcfg
 create mode 100644 .Xil/Vivado-4887-luiscarlos-GL552VX/hw_ila_data_1/zip_work/hw_ila_data_1.wdb
 create mode 100644 .Xil/Vivado-4887-luiscarlos-GL552VX/hw_ila_data_1/zip_work/probes.ltx
 create mode 100644 .Xil/Vivado-4887-luiscarlos-GL552VX/hw_ila_data_1/zip_work/waveform.csv
 create mode 100644 .Xil/Vivado-4887-luiscarlos-GL552VX/hw_ila_data_1/zip_work/waveform.dmp
 create mode 100644 .Xil/Vivado-4887-luiscarlos-GL552VX/hw_ila_data_1/zip_work/waveform.vcd
 create mode 100644 .Xil/Vivado-4887-luiscarlos-GL552VX/iladata/zip_work/iladata.csv
 create mode 100644 .Xil/Vivado-4887-luiscarlos-GL552VX/iladata/zip_work/iladata.dmp
 create mode 100644 .Xil/Vivado-4887-luiscarlos-GL552VX/iladata/zip_work/iladata.ltx
 create mode 100644 .Xil/Vivado-4887-luiscarlos-GL552VX/iladata/zip_work/iladata.vcd
 create mode 100755 .Xil/Vivado-4887-luiscarlos-GL552VX/iladata/zip_work/iladata.wcfg
 create mode 100644 .Xil/Vivado-4887-luiscarlos-GL552VX/iladata/zip_work/iladata.wdb
 create mode 100755 .Xil/Vivado-4887-luiscarlos-GL552VX/offline/iladata/iladata.wcfg
 create mode 100755 .Xil/Vivado-4887-luiscarlos-GL552VX/offline/iladata/iladata.wdb
 create mode 100644 .Xil/Vivado-5038-luiscarlos-GL552VX/design_1.bda
 create mode 100644 .Xil/Vivado-5038-luiscarlos-GL552VX/hw_ila_data_1/xsim.dir/snapshot/xsim.dbg
 create mode 100644 .Xil/Vivado-5038-luiscarlos-GL552VX/hw_ila_data_1/xsim.dir/snapshot/xsim.rtti
 create mode 100755 .Xil/Vivado-5038-luiscarlos-GL552VX/hw_ila_data_1/zip_work/hw_ila_data_1.wcfg
 create mode 100644 .Xil/Vivado-5038-luiscarlos-GL552VX/hw_ila_data_1/zip_work/hw_ila_data_1.wdb
 create mode 100644 .Xil/Vivado-5038-luiscarlos-GL552VX/hw_ila_data_1/zip_work/probes.ltx
 create mode 100644 .Xil/Vivado-5038-luiscarlos-GL552VX/hw_ila_data_1/zip_work/waveform.csv
 create mode 100644 .Xil/Vivado-5038-luiscarlos-GL552VX/hw_ila_data_1/zip_work/waveform.dmp
 create mode 100644 .Xil/Vivado-5038-luiscarlos-GL552VX/hw_ila_data_1/zip_work/waveform.vcd
 create mode 100644 .Xil/Vivado-526431-luiscarlos-GL552VX/hw_ila_data_1/xsim.dir/snapshot/xsim.dbg
 create mode 100644 .Xil/Vivado-526431-luiscarlos-GL552VX/hw_ila_data_1/xsim.dir/snapshot/xsim.rtti
 create mode 100755 .Xil/Vivado-526431-luiscarlos-GL552VX/hw_ila_data_1/zip_work/hw_ila_data_1.wcfg
 create mode 100644 .Xil/Vivado-526431-luiscarlos-GL552VX/hw_ila_data_1/zip_work/hw_ila_data_1.wdb
 create mode 100644 .Xil/Vivado-526431-luiscarlos-GL552VX/hw_ila_data_1/zip_work/probes.ltx
 create mode 100644 .Xil/Vivado-526431-luiscarlos-GL552VX/hw_ila_data_1/zip_work/waveform.csv
 create mode 100644 .Xil/Vivado-526431-luiscarlos-GL552VX/hw_ila_data_1/zip_work/waveform.dmp
 create mode 100644 .Xil/Vivado-526431-luiscarlos-GL552VX/hw_ila_data_1/zip_work/waveform.vcd
 create mode 100644 .Xil/Vivado-541841-luiscarlos-GL552VX/design_1.bda
 create mode 100644 .Xil/Vivado-541841-luiscarlos-GL552VX/hw_ila_data_1/xsim.dir/snapshot/xsim.dbg
 create mode 100644 .Xil/Vivado-541841-luiscarlos-GL552VX/hw_ila_data_1/xsim.dir/snapshot/xsim.rtti
 create mode 100755 .Xil/Vivado-541841-luiscarlos-GL552VX/hw_ila_data_1/zip_work/hw_ila_data_1.wcfg
 create mode 100644 .Xil/Vivado-541841-luiscarlos-GL552VX/hw_ila_data_1/zip_work/hw_ila_data_1.wdb
 create mode 100644 .Xil/Vivado-541841-luiscarlos-GL552VX/hw_ila_data_1/zip_work/probes.ltx
 create mode 100644 .Xil/Vivado-541841-luiscarlos-GL552VX/hw_ila_data_1/zip_work/waveform.csv
 create mode 100644 .Xil/Vivado-541841-luiscarlos-GL552VX/hw_ila_data_1/zip_work/waveform.dmp
 create mode 100644 .Xil/Vivado-541841-luiscarlos-GL552VX/hw_ila_data_1/zip_work/waveform.vcd
 create mode 100644 .Xil/Vivado-594280-luiscarlos-GL552VX/design_1.bda
 create mode 100644 .Xil/Vivado-594280-luiscarlos-GL552VX/hw_ila_data_1/xsim.dir/snapshot/xsim.dbg
 create mode 100644 .Xil/Vivado-594280-luiscarlos-GL552VX/hw_ila_data_1/xsim.dir/snapshot/xsim.rtti
 create mode 100755 .Xil/Vivado-594280-luiscarlos-GL552VX/hw_ila_data_1/zip_work/hw_ila_data_1.wcfg
 create mode 100644 .Xil/Vivado-594280-luiscarlos-GL552VX/hw_ila_data_1/zip_work/hw_ila_data_1.wdb
 create mode 100644 .Xil/Vivado-594280-luiscarlos-GL552VX/hw_ila_data_1/zip_work/probes.ltx
 create mode 100644 .Xil/Vivado-594280-luiscarlos-GL552VX/hw_ila_data_1/zip_work/waveform.csv
 create mode 100644 .Xil/Vivado-594280-luiscarlos-GL552VX/hw_ila_data_1/zip_work/waveform.dmp
 create mode 100644 .Xil/Vivado-594280-luiscarlos-GL552VX/hw_ila_data_1/zip_work/waveform.vcd
 create mode 100644 .Xil/Vivado-59989-luiscarlos-GL552VX/hw_ila_data_1/xsim.dir/snapshot/xsim.dbg
 create mode 100644 .Xil/Vivado-59989-luiscarlos-GL552VX/hw_ila_data_1/xsim.dir/snapshot/xsim.rtti
 create mode 100755 .Xil/Vivado-59989-luiscarlos-GL552VX/hw_ila_data_1/zip_work/hw_ila_data_1.wcfg
 create mode 100644 .Xil/Vivado-59989-luiscarlos-GL552VX/hw_ila_data_1/zip_work/hw_ila_data_1.wdb
 create mode 100644 .Xil/Vivado-59989-luiscarlos-GL552VX/hw_ila_data_1/zip_work/probes.ltx
 create mode 100644 .Xil/Vivado-59989-luiscarlos-GL552VX/hw_ila_data_1/zip_work/waveform.csv
 create mode 100644 .Xil/Vivado-59989-luiscarlos-GL552VX/hw_ila_data_1/zip_work/waveform.dmp
 create mode 100644 .Xil/Vivado-59989-luiscarlos-GL552VX/hw_ila_data_1/zip_work/waveform.vcd
 create mode 100644 .Xil/Vivado-70727-luiscarlos-GL552VX/bda/design_1.bda
 create mode 100644 .Xil/Vivado-70727-luiscarlos-GL552VX/design_1.bda
 create mode 100644 .Xil/Vivado-70727-luiscarlos-GL552VX/design_1_wrapper.hwdef
 create mode 100644 .Xil/Vivado-70727-luiscarlos-GL552VX/hdfFromDcp/design_1_wrapper.hwdef
 create mode 100644 .Xil/Vivado-795529-luiscarlos-GL552VX/design_1.bda
 create mode 100644 .Xil/Vivado-795529-luiscarlos-GL552VX/hw_ila_data_1/xsim.dir/snapshot/xsim.dbg
 create mode 100644 .Xil/Vivado-795529-luiscarlos-GL552VX/hw_ila_data_1/xsim.dir/snapshot/xsim.rtti
 create mode 100755 .Xil/Vivado-795529-luiscarlos-GL552VX/hw_ila_data_1/zip_work/hw_ila_data_1.wcfg
 create mode 100644 .Xil/Vivado-795529-luiscarlos-GL552VX/hw_ila_data_1/zip_work/hw_ila_data_1.wdb
 create mode 100644 .Xil/Vivado-795529-luiscarlos-GL552VX/hw_ila_data_1/zip_work/probes.ltx
 create mode 100644 .Xil/Vivado-795529-luiscarlos-GL552VX/hw_ila_data_1/zip_work/waveform.csv
 create mode 100644 .Xil/Vivado-795529-luiscarlos-GL552VX/hw_ila_data_1/zip_work/waveform.dmp
 create mode 100644 .Xil/Vivado-795529-luiscarlos-GL552VX/hw_ila_data_1/zip_work/waveform.vcd
 create mode 100644 .Xil/Vivado-858825-luiscarlos-GL552VX/design_1.bda
 create mode 100644 .Xil/Vivado-858825-luiscarlos-GL552VX/hw_ila_data_1/xsim.dir/snapshot/xsim.dbg
 create mode 100644 .Xil/Vivado-858825-luiscarlos-GL552VX/hw_ila_data_1/xsim.dir/snapshot/xsim.rtti
 create mode 100755 .Xil/Vivado-858825-luiscarlos-GL552VX/hw_ila_data_1/zip_work/hw_ila_data_1.wcfg
 create mode 100644 .Xil/Vivado-858825-luiscarlos-GL552VX/hw_ila_data_1/zip_work/hw_ila_data_1.wdb
 create mode 100644 .Xil/Vivado-858825-luiscarlos-GL552VX/hw_ila_data_1/zip_work/probes.ltx
 create mode 100644 .Xil/Vivado-858825-luiscarlos-GL552VX/hw_ila_data_1/zip_work/waveform.csv
 create mode 100644 .Xil/Vivado-858825-luiscarlos-GL552VX/hw_ila_data_1/zip_work/waveform.dmp
 create mode 100644 .Xil/Vivado-858825-luiscarlos-GL552VX/hw_ila_data_1/zip_work/waveform.vcd
 create mode 100644 .Xil/Vivado-92472-luiscarlos-GL552VX/design_1.bda
 create mode 100644 .Xil/Vivado-92472-luiscarlos-GL552VX/hw_ila_data_1/xsim.dir/snapshot/xsim.dbg
 create mode 100644 .Xil/Vivado-92472-luiscarlos-GL552VX/hw_ila_data_1/xsim.dir/snapshot/xsim.rtti
 create mode 100755 .Xil/Vivado-92472-luiscarlos-GL552VX/hw_ila_data_1/zip_work/hw_ila_data_1.wcfg
 create mode 100644 .Xil/Vivado-92472-luiscarlos-GL552VX/hw_ila_data_1/zip_work/hw_ila_data_1.wdb
 create mode 100644 .Xil/Vivado-92472-luiscarlos-GL552VX/hw_ila_data_1/zip_work/probes.ltx
 create mode 100644 .Xil/Vivado-92472-luiscarlos-GL552VX/hw_ila_data_1/zip_work/waveform.csv
 create mode 100644 .Xil/Vivado-92472-luiscarlos-GL552VX/hw_ila_data_1/zip_work/waveform.dmp
 create mode 100644 .Xil/Vivado-92472-luiscarlos-GL552VX/hw_ila_data_1/zip_work/waveform.vcd
 create mode 100644 src/design/aes.v
 create mode 100644 src/design/aes_core.v
 create mode 100644 src/design/aes_decipher_block.v
 create mode 100644 src/design/aes_encipher_block.v
 create mode 100644 src/design/aes_inv_sbox.v
 create mode 100644 src/design/aes_key_mem.v
 create mode 100644 src/design/aes_sbox.v
 create mode 100644 src/design/fifo_buff.v
 create mode 100644 src/progress
 rewrite ultra96v2_dfx.tcl (92%)
 create mode 100644 vivado.jou
 create mode 100644 vivado.log
 create mode 100644 vivado_pid159834.str
git add .
